<?xml version="1.0" encoding="UTF-8"?>
<testsuite xmlns:xsi="http://www.w3.org/2001/XMLSchema-instance" xsi:noNamespaceSchemaLocation="https://maven.apache.org/surefire/maven-surefire-plugin/xsd/surefire-test-report.xsd" name="DB_Test.DatabaseConnectionTest" time="0.691" tests="1" errors="0" skipped="0" failures="0">
  <properties>
    <property name="sun.desktop" value="windows"/>
    <property name="awt.toolkit" value="sun.awt.windows.WToolkit"/>
    <property name="netbeans.deploy" value="true"/>
    <property name="file.encoding.pkg" value="sun.io"/>
    <property name="java.specification.version" value="1.8"/>
    <property name="sun.cpu.isalist" value="amd64"/>
    <property name="sun.jnu.encoding" value="Cp1252"/>
    <property name="java.class.path" value="C:\Users\STUDIO 18\Desktop\ToPieFor\ToPieFor\target\test-classes;C:\Users\STUDIO 18\Desktop\ToPieFor\ToPieFor\target\classes;C:\Users\STUDIO 18\.m2\repository\javax\mail\javax.mail-api\1.6.2\javax.mail-api-1.6.2.jar;C:\Users\STUDIO 18\.m2\repository\com\sun\mail\javax.mail\1.6.2\javax.mail-1.6.2.jar;C:\Users\STUDIO 18\.m2\repository\javax\activation\activation\1.1\activation-1.1.jar;C:\Users\STUDIO 18\.m2\repository\org\mindrot\jbcrypt\0.4\jbcrypt-0.4.jar;C:\Users\STUDIO 18\.m2\repository\org\apache\pdfbox\pdfbox\3.0.0-RC1\pdfbox-3.0.0-RC1.jar;C:\Users\STUDIO 18\.m2\repository\org\apache\pdfbox\fontbox\3.0.0-RC1\fontbox-3.0.0-RC1.jar;C:\Users\STUDIO 18\.m2\repository\commons-logging\commons-logging\1.2\commons-logging-1.2.jar;C:\Users\STUDIO 18\.m2\repository\com\itextpdf\itextpdf\5.5.13.3\itextpdf-5.5.13.3.jar;C:\Users\STUDIO 18\.m2\repository\org\apache\commons\commons-email\1.2\commons-email-1.2.jar;C:\Users\STUDIO 18\.m2\repository\javax\mail\mail\1.4.1\mail-1.4.1.jar;C:\Users\STUDIO 18\.m2\repository\org\junit\jupiter\junit-jupiter-api\5.5.2\junit-jupiter-api-5.5.2.jar;C:\Users\STUDIO 18\.m2\repository\org\apiguardian\apiguardian-api\1.1.0\apiguardian-api-1.1.0.jar;C:\Users\STUDIO 18\.m2\repository\org\opentest4j\opentest4j\1.2.0\opentest4j-1.2.0.jar;C:\Users\STUDIO 18\.m2\repository\org\junit\platform\junit-platform-commons\1.5.2\junit-platform-commons-1.5.2.jar;C:\Users\STUDIO 18\.m2\repository\org\junit\jupiter\junit-jupiter-engine\5.5.2\junit-jupiter-engine-5.5.2.jar;C:\Users\STUDIO 18\.m2\repository\org\junit\platform\junit-platform-engine\1.5.2\junit-platform-engine-1.5.2.jar;C:\Users\STUDIO 18\.m2\repository\com\fasterxml\jackson\core\jackson-databind\2.14.0\jackson-databind-2.14.0.jar;C:\Users\STUDIO 18\.m2\repository\com\fasterxml\jackson\core\jackson-core\2.14.0\jackson-core-2.14.0.jar;C:\Users\STUDIO 18\.m2\repository\com\fasterxml\jackson\core\jackson-annotations\2.14.0\jackson-annotations-2.14.0.jar;C:\Users\STUDIO 18\.m2\repository\mysql\mysql-connector-java\8.0.28\mysql-connector-java-8.0.28.jar;C:\Users\STUDIO 18\.m2\repository\com\google\protobuf\protobuf-java\3.11.4\protobuf-java-3.11.4.jar;C:\Users\STUDIO 18\.m2\repository\org\springframework\spring-context\5.0.8.RELEASE\spring-context-5.0.8.RELEASE.jar;C:\Users\STUDIO 18\.m2\repository\org\springframework\spring-aop\5.0.8.RELEASE\spring-aop-5.0.8.RELEASE.jar;C:\Users\STUDIO 18\.m2\repository\org\springframework\spring-beans\5.0.8.RELEASE\spring-beans-5.0.8.RELEASE.jar;C:\Users\STUDIO 18\.m2\repository\org\springframework\spring-core\5.0.8.RELEASE\spring-core-5.0.8.RELEASE.jar;C:\Users\STUDIO 18\.m2\repository\org\springframework\spring-jcl\5.0.8.RELEASE\spring-jcl-5.0.8.RELEASE.jar;C:\Users\STUDIO 18\.m2\repository\org\springframework\spring-expression\5.0.8.RELEASE\spring-expression-5.0.8.RELEASE.jar;C:\Users\STUDIO 18\.m2\repository\javax\javaee-web-api\7.0\javaee-web-api-7.0.jar;"/>
    <property name="java.vm.vendor" value="Amazon.com Inc."/>
    <property name="sun.arch.data.model" value="64"/>
    <property name="user.variant" value=""/>
    <property name="java.vendor.url" value="https://aws.amazon.com/corretto/"/>
    <property name="user.timezone" value="Africa/Harare"/>
    <property name="java.vm.specification.version" value="1.8"/>
    <property name="os.name" value="Windows 10"/>
    <property name="sun.java.launcher" value="SUN_STANDARD"/>
    <property name="user.country" value="US"/>
    <property name="sun.boot.library.path" value="C:\Java\Corretto\jdk1.8.0_292\jre\bin"/>
    <property name="sun.java.command" value="C:\Users\STUDIO~1\AppData\Local\Temp\surefire4804276936829133641\surefirebooter858675576660568700.jar C:\Users\STUDIO 18\AppData\Local\Temp\surefire4804276936829133641 2023-06-30T10-36-28_289-jvmRun1 surefire977061138158145415tmp surefire_07274490715369973603tmp"/>
    <property name="surefire.test.class.path" value="C:\Users\STUDIO 18\Desktop\ToPieFor\ToPieFor\target\test-classes;C:\Users\STUDIO 18\Desktop\ToPieFor\ToPieFor\target\classes;C:\Users\STUDIO 18\.m2\repository\javax\mail\javax.mail-api\1.6.2\javax.mail-api-1.6.2.jar;C:\Users\STUDIO 18\.m2\repository\com\sun\mail\javax.mail\1.6.2\javax.mail-1.6.2.jar;C:\Users\STUDIO 18\.m2\repository\javax\activation\activation\1.1\activation-1.1.jar;C:\Users\STUDIO 18\.m2\repository\org\mindrot\jbcrypt\0.4\jbcrypt-0.4.jar;C:\Users\STUDIO 18\.m2\repository\org\apache\pdfbox\pdfbox\3.0.0-RC1\pdfbox-3.0.0-RC1.jar;C:\Users\STUDIO 18\.m2\repository\org\apache\pdfbox\fontbox\3.0.0-RC1\fontbox-3.0.0-RC1.jar;C:\Users\STUDIO 18\.m2\repository\commons-logging\commons-logging\1.2\commons-logging-1.2.jar;C:\Users\STUDIO 18\.m2\repository\com\itextpdf\itextpdf\5.5.13.3\itextpdf-5.5.13.3.jar;C:\Users\STUDIO 18\.m2\repository\org\apache\commons\commons-email\1.2\commons-email-1.2.jar;C:\Users\STUDIO 18\.m2\repository\javax\mail\mail\1.4.1\mail-1.4.1.jar;C:\Users\STUDIO 18\.m2\repository\org\junit\jupiter\junit-jupiter-api\5.5.2\junit-jupiter-api-5.5.2.jar;C:\Users\STUDIO 18\.m2\repository\org\apiguardian\apiguardian-api\1.1.0\apiguardian-api-1.1.0.jar;C:\Users\STUDIO 18\.m2\repository\org\opentest4j\opentest4j\1.2.0\opentest4j-1.2.0.jar;C:\Users\STUDIO 18\.m2\repository\org\junit\platform\junit-platform-commons\1.5.2\junit-platform-commons-1.5.2.jar;C:\Users\STUDIO 18\.m2\repository\org\junit\jupiter\junit-jupiter-engine\5.5.2\junit-jupiter-engine-5.5.2.jar;C:\Users\STUDIO 18\.m2\repository\org\junit\platform\junit-platform-engine\1.5.2\junit-platform-engine-1.5.2.jar;C:\Users\STUDIO 18\.m2\repository\com\fasterxml\jackson\core\jackson-databind\2.14.0\jackson-databind-2.14.0.jar;C:\Users\STUDIO 18\.m2\repository\com\fasterxml\jackson\core\jackson-core\2.14.0\jackson-core-2.14.0.jar;C:\Users\STUDIO 18\.m2\repository\com\fasterxml\jackson\core\jackson-annotations\2.14.0\jackson-annotations-2.14.0.jar;C:\Users\STUDIO 18\.m2\repository\mysql\mysql-connector-java\8.0.28\mysql-connector-java-8.0.28.jar;C:\Users\STUDIO 18\.m2\repository\com\google\protobuf\protobuf-java\3.11.4\protobuf-java-3.11.4.jar;C:\Users\STUDIO 18\.m2\repository\org\springframework\spring-context\5.0.8.RELEASE\spring-context-5.0.8.RELEASE.jar;C:\Users\STUDIO 18\.m2\repository\org\springframework\spring-aop\5.0.8.RELEASE\spring-aop-5.0.8.RELEASE.jar;C:\Users\STUDIO 18\.m2\repository\org\springframework\spring-beans\5.0.8.RELEASE\spring-beans-5.0.8.RELEASE.jar;C:\Users\STUDIO 18\.m2\repository\org\springframework\spring-core\5.0.8.RELEASE\spring-core-5.0.8.RELEASE.jar;C:\Users\STUDIO 18\.m2\repository\org\springframework\spring-jcl\5.0.8.RELEASE\spring-jcl-5.0.8.RELEASE.jar;C:\Users\STUDIO 18\.m2\repository\org\springframework\spring-expression\5.0.8.RELEASE\spring-expression-5.0.8.RELEASE.jar;C:\Users\STUDIO 18\.m2\repository\javax\javaee-web-api\7.0\javaee-web-api-7.0.jar;"/>
    <property name="sun.cpu.endian" value="little"/>
    <property name="user.home" value="C:\Users\STUDIO 18"/>
    <property name="user.language" value="en"/>
    <property name="java.specification.vendor" value="Oracle Corporation"/>
    <property name="java.home" value="C:\Java\Corretto\jdk1.8.0_292\jre"/>
    <property name="basedir" value="C:\Users\STUDIO 18\Desktop\ToPieFor\ToPieFor"/>
    <property name="file.separator" value="\"/>
    <property name="line.separator" value="&#10;"/>
    <property name="java.vm.specification.vendor" value="Oracle Corporation"/>
    <property name="java.specification.name" value="Java Platform API Specification"/>
    <property name="java.awt.graphicsenv" value="sun.awt.Win32GraphicsEnvironment"/>
    <property name="surefire.real.class.path" value="C:\Users\STUDIO~1\AppData\Local\Temp\surefire4804276936829133641\surefirebooter858675576660568700.jar"/>
    <property name="sun.boot.class.path" value="C:\Java\Corretto\jdk1.8.0_292\jre\lib\resources.jar;C:\Java\Corretto\jdk1.8.0_292\jre\lib\rt.jar;C:\Java\Corretto\jdk1.8.0_292\jre\lib\sunrsasign.jar;C:\Java\Corretto\jdk1.8.0_292\jre\lib\jsse.jar;C:\Java\Corretto\jdk1.8.0_292\jre\lib\jce.jar;C:\Java\Corretto\jdk1.8.0_292\jre\lib\charsets.jar;C:\Java\Corretto\jdk1.8.0_292\jre\lib\jfr.jar;C:\Java\Corretto\jdk1.8.0_292\jre\classes"/>
    <property name="user.script" value=""/>
    <property name="sun.management.compiler" value="HotSpot 64-Bit Tiered Compilers"/>
    <property name="netbeans.deploy.clientUrlPart" value="/viewItems.jsp"/>
    <property name="java.runtime.version" value="1.8.0_292-b10"/>
    <property name="user.name" value="STUDIO 18"/>
    <property name="path.separator" value=";"/>
    <property name="os.version" value="10.0"/>
    <property name="java.endorsed.dirs" value="C:\Java\Corretto\jdk1.8.0_292\jre\lib\endorsed"/>
    <property name="java.runtime.name" value="OpenJDK Runtime Environment"/>
    <property name="file.encoding" value="UTF-8"/>
    <property name="java.vm.name" value="OpenJDK 64-Bit Server VM"/>
    <property name="maven.ext.class.path" value="C:\Program Files\NetBeans-12.5\netbeans\java\maven-nblib\netbeans-eventspy.jar"/>
    <property name="localRepository" value="C:\Users\STUDIO 18\.m2\repository"/>
    <property name="java.vendor.url.bug" value="https://github.com/corretto/corretto-8/issues/"/>
    <property name="java.io.tmpdir" value="C:\Users\STUDIO~1\AppData\Local\Temp\"/>
    <property name="java.version" value="1.8.0_292"/>
    <property name="user.dir" value="C:\Users\STUDIO 18\Desktop\ToPieFor\ToPieFor"/>
    <property name="os.arch" value="amd64"/>
    <property name="java.vm.specification.name" value="Java Virtual Machine Specification"/>
    <property name="java.awt.printerjob" value="sun.awt.windows.WPrinterJob"/>
    <property name="sun.os.patch.level" value=""/>
    <property name="java.library.path" value="C:\Java\Corretto\jdk1.8.0_292\jre\bin;C:\WINDOWS\Sun\Java\bin;C:\WINDOWS\system32;C:\WINDOWS;C:\Java\Corretto\jdk1.8.0_292\bin;C:\WINDOWS\system32;C:\WINDOWS;C:\WINDOWS\System32\Wbem;C:\WINDOWS\System32\WindowsPowerShell\v1.0\;C:\WINDOWS\System32\OpenSSH\;C:\Maven\apache-maven-3.9.1\bin;C:\Program Files\MySQL\MySQL Shell 8.0\bin\;C:\Users\STUDIO 18\AppData\Local\Microsoft\WindowsApps;;."/>
    <property name="java.vm.info" value="mixed mode"/>
    <property name="java.vendor" value="Amazon.com Inc."/>
    <property name="java.vm.version" value="25.292-b10"/>
    <property name="java.ext.dirs" value="C:\Java\Corretto\jdk1.8.0_292\jre\lib\ext;C:\WINDOWS\Sun\Java\lib\ext"/>
    <property name="sun.io.unicode.encoding" value="UnicodeLittle"/>
    <property name="java.class.version" value="52.0"/>
  </properties>
  <testcase name="testDatabaseConnection" classname="DB_Test.DatabaseConnectionTest" time="0.689"/>
</testsuite>